<?xml version="1.0" encoding="UTF-8"?>
<!-- Generated by org.testng.reporters.JUnitReportReporter -->
<testsuite hostname="LAPTOP-F45BGB9P" failures="0" tests="3" name="com.qa.comptests.test.ComputerTest" time="1.938" errors="0" timestamp="2022-09-16T15:07:17 BST" skipped="0">
  <testcase classname="com.qa.comptests.test.ComputerTest" name="createComputerTest" time="0.767"/>
  <system-out/>
  <testcase classname="com.qa.comptests.test.ComputerTest" name="searchComputerTest" time="0.330"/>
  <system-out/>
  <testcase classname="com.qa.comptests.test.ComputerTest" name="deleteComputerTest" time="0.841"/>
  <system-out/>
</testsuite> <!-- com.qa.comptests.test.ComputerTest -->
